INFO:requests.packages.urllib3.connectionpool:Starting new HTTPS connection (1): api.telegram.org
INFO:requests.packages.urllib3.connectionpool:Starting new HTTPS connection (1): api.telegram.org
ERROR:TeleBot:ApiException occurred, args=('A request to the Telegram API was unsuccessful. The server returned HTTP 409 Conflict. Response body:\n[b\'{"ok":false,"error_code":409,"description":"Conflict: terminated by other getUpdates request; make sure that only one bot instance is running"}\']',)
Traceback (most recent call last):
  File "E:\programers_files\Projects\IncomeBot\venv\lib\site-packages\telebot\util.py", line 59, in run
    task(*args, **kwargs)
  File "E:\programers_files\Projects\IncomeBot\venv\lib\site-packages\telebot\__init__.py", line 276, in __retrieve_updates
    updates = self.get_updates(offset=(self.last_update_id + 1), timeout=timeout)
  File "E:\programers_files\Projects\IncomeBot\venv\lib\site-packages\telebot\__init__.py", line 246, in get_updates
    json_updates = apihelper.get_updates(self.token, offset, limit, timeout, allowed_updates)
  File "E:\programers_files\Projects\IncomeBot\venv\lib\site-packages\telebot\apihelper.py", line 180, in get_updates
    return _make_request(token, method_url, params=payload)
  File "E:\programers_files\Projects\IncomeBot\venv\lib\site-packages\telebot\apihelper.py", line 56, in _make_request
    return _check_result(method_name, result)['result']
  File "E:\programers_files\Projects\IncomeBot\venv\lib\site-packages\telebot\apihelper.py", line 75, in _check_result
    raise ApiException(msg, method_name, result)
telebot.apihelper.ApiException: A request to the Telegram API was unsuccessful. The server returned HTTP 409 Conflict. Response body:
[b'{"ok":false,"error_code":409,"description":"Conflict: terminated by other getUpdates request; make sure that only one bot instance is running"}']

ERROR:TeleBot:A request to the Telegram API was unsuccessful. The server returned HTTP 409 Conflict. Response body:
[b'{"ok":false,"error_code":409,"description":"Conflict: terminated by other getUpdates request; make sure that only one bot instance is running"}']
ERROR:TeleBot:ApiException occurred, args=('A request to the Telegram API was unsuccessful. The server returned HTTP 409 Conflict. Response body:\n[b\'{"ok":false,"error_code":409,"description":"Conflict: terminated by other getUpdates request; make sure that only one bot instance is running"}\']',)
Traceback (most recent call last):
  File "E:\programers_files\Projects\IncomeBot\venv\lib\site-packages\telebot\util.py", line 59, in run
    task(*args, **kwargs)
  File "E:\programers_files\Projects\IncomeBot\venv\lib\site-packages\telebot\__init__.py", line 276, in __retrieve_updates
    updates = self.get_updates(offset=(self.last_update_id + 1), timeout=timeout)
  File "E:\programers_files\Projects\IncomeBot\venv\lib\site-packages\telebot\__init__.py", line 246, in get_updates
    json_updates = apihelper.get_updates(self.token, offset, limit, timeout, allowed_updates)
  File "E:\programers_files\Projects\IncomeBot\venv\lib\site-packages\telebot\apihelper.py", line 180, in get_updates
    return _make_request(token, method_url, params=payload)
  File "E:\programers_files\Projects\IncomeBot\venv\lib\site-packages\telebot\apihelper.py", line 56, in _make_request
    return _check_result(method_name, result)['result']
  File "E:\programers_files\Projects\IncomeBot\venv\lib\site-packages\telebot\apihelper.py", line 75, in _check_result
    raise ApiException(msg, method_name, result)
telebot.apihelper.ApiException: A request to the Telegram API was unsuccessful. The server returned HTTP 409 Conflict. Response body:
[b'{"ok":false,"error_code":409,"description":"Conflict: terminated by other getUpdates request; make sure that only one bot instance is running"}']

ERROR:TeleBot:A request to the Telegram API was unsuccessful. The server returned HTTP 409 Conflict. Response body:
[b'{"ok":false,"error_code":409,"description":"Conflict: terminated by other getUpdates request; make sure that only one bot instance is running"}']
